voclabs:~/todo-list-aws (feature) $ sam deploy --guided

Configuring SAM deploy
======================

        Looking for config file [samconfig.toml] :  Found
        Reading default arguments  :  Success

        Setting default arguments for 'sam deploy'
        =========================================
        Stack Name [todo-list-aws]: todo-list-aws
        AWS Region [us-east-1]: us-east-1
        Parameter Stage [default]: default
        #Shows you resources changes to be deployed and require a 'Y' to initiate deploy
        Confirm changes before deploy [y/N]: Y
        #SAM needs permission to be able to create roles to connect to the resources in your template
        Allow SAM CLI IAM role creation [Y/n]: Y
        CreateTodoFunction may not have authorization defined, Is this okay? [y/N]: y
        ListTodosFunction may not have authorization defined, Is this okay? [y/N]: y
        GetTodoFunction may not have authorization defined, Is this okay? [y/N]: y
        UpdateTodoFunction may not have authorization defined, Is this okay? [y/N]: y
        DeleteTodoFunction may not have authorization defined, Is this okay? [y/N]: y
        Save arguments to configuration file [Y/n]: Y
        SAM configuration file [samconfig.toml]: 
        SAM configuration environment [default]: 

        Looking for resources needed for deployment:
        Creating the required resources...
        Successfully created!
         Managed S3 bucket: aws-sam-cli-managed-default-samclisourcebucket-18f3x1m8mrjy4
         A different default S3 bucket can be set in samconfig.toml

        Saved arguments to config file
        Running 'sam deploy' for future deployments will use the parameters saved above.
        The above parameters can be changed by modifying samconfig.toml
        Learn more about samconfig.toml syntax at 
        https://docs.aws.amazon.com/serverless-application-model/latest/developerguide/serverless-sam-cli-config.html

Uploading to todo-list-aws/4ba4a1ab9c0a2d912f02cd08502d7f03  461382 / 461382  (100.00%)
File with same data already exists at todo-list-aws/4ba4a1ab9c0a2d912f02cd08502d7f03, skipping upload
File with same data already exists at todo-list-aws/4ba4a1ab9c0a2d912f02cd08502d7f03, skipping upload
File with same data already exists at todo-list-aws/4ba4a1ab9c0a2d912f02cd08502d7f03, skipping upload
File with same data already exists at todo-list-aws/4ba4a1ab9c0a2d912f02cd08502d7f03, skipping upload

        Deploying with following values
        ===============================
        Stack name                   : todo-list-aws
        Region                       : us-east-1
        Confirm changeset            : True
        Deployment s3 bucket         : aws-sam-cli-managed-default-samclisourcebucket-18f3x1m8mrjy4
        Capabilities                 : ["CAPABILITY_IAM"]
        Parameter overrides          : {"Stage": "default"}
        Signing Profiles             : {}

Initiating deployment
=====================
Uploading to todo-list-aws/eb5da85d733fa76e2b01f71e0d81c5bc.template  4315 / 4315  (100.00%)

Waiting for changeset to be created..

CloudFormation stack changeset
-----------------------------------------------------------------------------------------------------------------
Operation                    LogicalResourceId            ResourceType                 Replacement                
-----------------------------------------------------------------------------------------------------------------
+ Add                        CreateTodoFunctionCreatePe   AWS::Lambda::Permission      N/A                        
                             rmissionProd                                                                         
+ Add                        CreateTodoFunction           AWS::Lambda::Function        N/A                        
+ Add                        DeleteTodoFunctionCreatePe   AWS::Lambda::Permission      N/A                        
                             rmissionProd                                                                         
+ Add                        DeleteTodoFunction           AWS::Lambda::Function        N/A                        
+ Add                        GetTodoFunctionCreatePermi   AWS::Lambda::Permission      N/A                        
                             ssionProd                                                                            
+ Add                        GetTodoFunction              AWS::Lambda::Function        N/A                        
+ Add                        ListTodosFunctionCreatePer   AWS::Lambda::Permission      N/A                        
                             missionProd                                                                          
+ Add                        ListTodosFunction            AWS::Lambda::Function        N/A                        
+ Add                        ServerlessRestApiDeploymen   AWS::ApiGateway::Deploymen   N/A                        
                             t141b842de6                  t                                                       
+ Add                        ServerlessRestApiProdStage   AWS::ApiGateway::Stage       N/A                        
+ Add                        ServerlessRestApi            AWS::ApiGateway::RestApi     N/A                        
+ Add                        TodosDynamoDbTable           AWS::DynamoDB::Table         N/A                        
+ Add                        UpdateTodoFunctionCreatePe   AWS::Lambda::Permission      N/A                        
                             rmissionProd                                                                         
+ Add                        UpdateTodoFunction           AWS::Lambda::Function        N/A                        
-----------------------------------------------------------------------------------------------------------------

Changeset created successfully. arn:aws:cloudformation:us-east-1:278596239178:changeSet/samcli-deploy1654430443/52848a98-3c74-46d5-b126-a43ae173b9b5


Previewing CloudFormation changeset before deployment
======================================================
Deploy this changeset? [y/N]: y

2022-06-05 12:18:42 - Waiting for stack create/update to complete

CloudFormation events from changeset
-----------------------------------------------------------------------------------------------------------------
ResourceStatus               ResourceType                 LogicalResourceId            ResourceStatusReason       
-----------------------------------------------------------------------------------------------------------------
CREATE_IN_PROGRESS           AWS::DynamoDB::Table         TodosDynamoDbTable           -                          
CREATE_IN_PROGRESS           AWS::DynamoDB::Table         TodosDynamoDbTable           Resource creation          
                                                                                       Initiated                  
CREATE_COMPLETE              AWS::DynamoDB::Table         TodosDynamoDbTable           -                          
CREATE_IN_PROGRESS           AWS::Lambda::Function        ListTodosFunction            -                          
CREATE_IN_PROGRESS           AWS::Lambda::Function        GetTodoFunction              -                          
CREATE_IN_PROGRESS           AWS::Lambda::Function        DeleteTodoFunction           -                          
CREATE_IN_PROGRESS           AWS::Lambda::Function        CreateTodoFunction           -                          
CREATE_IN_PROGRESS           AWS::Lambda::Function        UpdateTodoFunction           -                          
CREATE_IN_PROGRESS           AWS::Lambda::Function        CreateTodoFunction           Resource creation          
                                                                                       Initiated                  
CREATE_IN_PROGRESS           AWS::Lambda::Function        DeleteTodoFunction           Resource creation          
                                                                                       Initiated                  
CREATE_IN_PROGRESS           AWS::Lambda::Function        UpdateTodoFunction           Resource creation          
                                                                                       Initiated                  
CREATE_IN_PROGRESS           AWS::Lambda::Function        GetTodoFunction              Resource creation          
                                                                                       Initiated                  
CREATE_IN_PROGRESS           AWS::Lambda::Function        ListTodosFunction            Resource creation          
                                                                                       Initiated                  
CREATE_COMPLETE              AWS::Lambda::Function        ListTodosFunction            -                          
CREATE_COMPLETE              AWS::Lambda::Function        CreateTodoFunction           -                          
CREATE_COMPLETE              AWS::Lambda::Function        UpdateTodoFunction           -                          
CREATE_COMPLETE              AWS::Lambda::Function        DeleteTodoFunction           -                          
CREATE_COMPLETE              AWS::Lambda::Function        GetTodoFunction              -                          
CREATE_IN_PROGRESS           AWS::ApiGateway::RestApi     ServerlessRestApi            -                          
CREATE_IN_PROGRESS           AWS::ApiGateway::RestApi     ServerlessRestApi            Resource creation          
                                                                                       Initiated                  
CREATE_COMPLETE              AWS::ApiGateway::RestApi     ServerlessRestApi            -                          
CREATE_IN_PROGRESS           AWS::ApiGateway::Deploymen   ServerlessRestApiDeploymen   -                          
                             t                            t141b842de6                                             
CREATE_IN_PROGRESS           AWS::Lambda::Permission      ListTodosFunctionCreatePer   -                          
                                                          missionProd                                             
CREATE_IN_PROGRESS           AWS::Lambda::Permission      ListTodosFunctionCreatePer   Resource creation          
                                                          missionProd                  Initiated                  
CREATE_IN_PROGRESS           AWS::Lambda::Permission      GetTodoFunctionCreatePermi   -                          
                                                          ssionProd                                               
CREATE_IN_PROGRESS           AWS::Lambda::Permission      DeleteTodoFunctionCreatePe   -                          
                                                          rmissionProd                                            
CREATE_IN_PROGRESS           AWS::Lambda::Permission      UpdateTodoFunctionCreatePe   -                          
                                                          rmissionProd                                            
CREATE_IN_PROGRESS           AWS::Lambda::Permission      CreateTodoFunctionCreatePe   -                          
                                                          rmissionProd                                            
CREATE_IN_PROGRESS           AWS::Lambda::Permission      GetTodoFunctionCreatePermi   Resource creation          
                                                          ssionProd                    Initiated                  
CREATE_IN_PROGRESS           AWS::Lambda::Permission      DeleteTodoFunctionCreatePe   Resource creation          
                                                          rmissionProd                 Initiated                  
CREATE_IN_PROGRESS           AWS::Lambda::Permission      CreateTodoFunctionCreatePe   Resource creation          
                                                          rmissionProd                 Initiated                  
CREATE_IN_PROGRESS           AWS::Lambda::Permission      UpdateTodoFunctionCreatePe   Resource creation          
                                                          rmissionProd                 Initiated                  
CREATE_IN_PROGRESS           AWS::ApiGateway::Deploymen   ServerlessRestApiDeploymen   Resource creation          
                             t                            t141b842de6                  Initiated                  
CREATE_COMPLETE              AWS::ApiGateway::Deploymen   ServerlessRestApiDeploymen   -                          
                             t                            t141b842de6                                             
CREATE_IN_PROGRESS           AWS::ApiGateway::Stage       ServerlessRestApiProdStage   -                          
CREATE_IN_PROGRESS           AWS::ApiGateway::Stage       ServerlessRestApiProdStage   Resource creation          
                                                                                       Initiated                  
CREATE_COMPLETE              AWS::ApiGateway::Stage       ServerlessRestApiProdStage   -                          
CREATE_COMPLETE              AWS::Lambda::Permission      ListTodosFunctionCreatePer   -                          
                                                          missionProd                                             
CREATE_COMPLETE              AWS::Lambda::Permission      DeleteTodoFunctionCreatePe   -                          
                                                          rmissionProd                                            
CREATE_COMPLETE              AWS::Lambda::Permission      CreateTodoFunctionCreatePe   -                          
                                                          rmissionProd                                            
CREATE_COMPLETE              AWS::Lambda::Permission      UpdateTodoFunctionCreatePe   -                          
                                                          rmissionProd                                            
CREATE_COMPLETE              AWS::Lambda::Permission      GetTodoFunctionCreatePermi   -                          
                                                          ssionProd                                               
CREATE_COMPLETE              AWS::CloudFormation::Stack   todo-list-aws                -                          
-----------------------------------------------------------------------------------------------------------------

CloudFormation outputs from deployed stack
-------------------------------------------------------------------------------------------------------------------
Outputs                                                                                                           
-------------------------------------------------------------------------------------------------------------------
Key                 BaseUrlApi                                                                                    
Description         Base URL of API                                                                               
Value               https://r023gvv2n4.execute-api.us-east-1.amazonaws.com/Prod                                   

Key                 DeleteTodoApi                                                                                 
Description         API Gateway endpoint URL for ${opt:stage} stage for Delete TODO                               
Value               https://r023gvv2n4.execute-api.us-east-1.amazonaws.com/Prod/todos/{id}                        

Key                 ListTodosApi                                                                                  
Description         API Gateway endpoint URL for ${opt:stage} stage for List TODO                                 
Value               https://r023gvv2n4.execute-api.us-east-1.amazonaws.com/Prod/todos                             

Key                 UpdateTodoApi                                                                                 
Description         API Gateway endpoint URL for ${opt:stage} stage for Update TODO                               
Value               https://r023gvv2n4.execute-api.us-east-1.amazonaws.com/Prod/todos/{id}                        

Key                 GetTodoApi                                                                                    
Description         API Gateway endpoint URL for ${opt:stage} stage for Get TODO                                  
Value               https://r023gvv2n4.execute-api.us-east-1.amazonaws.com/Prod/todos/{id}                        

Key                 CreateTodoApi                                                                                 
Description         API Gateway endpoint URL for ${opt:stage} stage for Create TODO                               
Value               https://r023gvv2n4.execute-api.us-east-1.amazonaws.com/Prod/todos/                            
-------------------------------------------------------------------------------------------------------------------

Successfully created/updated stack - todo-list-aws in us-east-1

